2025-05-13 20:30:23,894 - INFO - ====== WebDriver manager ======
2025-05-13 20:30:25,662 - INFO - Get LATEST chromedriver version for google-chrome
2025-05-13 20:30:25,804 - INFO - Get LATEST chromedriver version for google-chrome
2025-05-13 20:30:25,899 - INFO - Driver [C:\Users\marcos.marinho\.wdm\drivers\chromedriver\win64\136.0.7103.92\chromedriver-win32/chromedriver.exe] found in cache
2025-05-14 12:35:07,828 - INFO - ====== WebDriver manager ======
2025-05-14 12:35:09,248 - INFO - Get LATEST chromedriver version for google-chrome
2025-05-14 12:35:09,406 - INFO - Get LATEST chromedriver version for google-chrome
2025-05-14 12:35:09,517 - INFO - Get LATEST chromedriver version for google-chrome
2025-05-14 12:35:09,763 - INFO - WebDriver version 136.0.7103.92 selected
2025-05-14 12:35:09,776 - INFO - Modern chrome version https://storage.googleapis.com/chrome-for-testing-public/136.0.7103.92/win32/chromedriver-win32.zip
2025-05-14 12:35:09,776 - INFO - About to download new driver from https://storage.googleapis.com/chrome-for-testing-public/136.0.7103.92/win32/chromedriver-win32.zip
2025-05-14 12:35:09,933 - INFO - Driver downloading response is 200
2025-05-14 12:35:10,193 - INFO - Get LATEST chromedriver version for google-chrome
2025-05-14 12:35:10,437 - INFO - Driver has been saved in cache [C:\Users\marcos.marinho\.wdm\drivers\chromedriver\win64\136.0.7103.92]
2025-05-14 12:49:36,879 - ERROR - Erro de conexão com o banco de dados:
Traceback (most recent call last):
  File "W:\DISEG\GEARC\_RESTRITO\Projeto DOU\Código\app\main.py", line 199, in inserir_dados
    conn = pyodbc.connect(config.DB_CONNECTION_STRING)
                          ^^^^^^^^^^^^^^^^^^^^^^^^^^^
AttributeError: module 'config' has no attribute 'DB_CONNECTION_STRING'
2025-05-14 12:49:36,935 - WARNING - Arquivo cc_list_erro.txt não encontrado. Nenhum e-mail em cópia será usado.
2025-05-14 12:49:37,123 - INFO - E-mail de erro enviado para giovani.rocha@funprespjud.com.br
2025-05-14 12:49:37,123 - ERROR - Erro ao processar os dados:
Traceback (most recent call last):
  File "W:\DISEG\GEARC\_RESTRITO\Projeto DOU\Código\app\main.py", line 190, in limpeza_diaria
    inserir_dados(df_final, 'MQD')
  File "W:\DISEG\GEARC\_RESTRITO\Projeto DOU\Código\app\main.py", line 199, in inserir_dados
    conn = pyodbc.connect(config.DB_CONNECTION_STRING)
                          ^^^^^^^^^^^^^^^^^^^^^^^^^^^
AttributeError: module 'config' has no attribute 'DB_CONNECTION_STRING'
2025-05-14 16:47:11,181 - ERROR - Falha ao conectar com o banco de dados: ('28000', "[28000] [Microsoft][ODBC SQL Server Driver][SQL Server]Login failed for user 'marcos.marinho'. (18456) (SQLDriverConnect); [28000] [Microsoft][ODBC SQL Server Driver][SQL Server]Login failed for user 'marcos.marinho'. (18456)")
2025-05-14 16:50:11,455 - ERROR - Falha ao conectar com o banco de dados: ('28000', "[28000] [Microsoft][ODBC SQL Server Driver][SQL Server]Login failed for user 'marcos.marinho'. (18456) (SQLDriverConnect); [28000] [Microsoft][ODBC SQL Server Driver][SQL Server]Login failed for user 'marcos.marinho'. (18456)")
2025-05-14 16:50:40,572 - ERROR - Falha ao conectar com o banco de dados: ('28000', "[28000] [Microsoft][ODBC SQL Server Driver][SQL Server]Login failed for user 'marcos.marinho'. (18456) (SQLDriverConnect); [28000] [Microsoft][ODBC SQL Server Driver][SQL Server]Login failed for user 'marcos.marinho'. (18456)")
2025-05-14 16:51:15,623 - ERROR - Falha ao conectar com o banco de dados: ('28000', "[28000] [Microsoft][ODBC SQL Server Driver][SQL Server]Login failed for user 'marcos.marinho'. (18456) (SQLDriverConnect); [28000] [Microsoft][ODBC SQL Server Driver][SQL Server]Login failed for user 'marcos.marinho'. (18456)")
2025-05-14 16:51:28,950 - ERROR - Falha ao conectar com o banco de dados: ('28000', "[28000] [Microsoft][ODBC SQL Server Driver][SQL Server]Login failed for user 'marcos.marinho'. (18456) (SQLDriverConnect); [28000] [Microsoft][ODBC SQL Server Driver][SQL Server]Login failed for user 'marcos.marinho'. (18456)")
2025-05-14 16:57:24,734 - ERROR - Falha ao conectar com o banco de dados: ('28000', "[28000] [Microsoft][ODBC SQL Server Driver][SQL Server]Login failed for user 'marcos.marinho'. (18456) (SQLDriverConnect); [28000] [Microsoft][ODBC SQL Server Driver][SQL Server]Login failed for user 'marcos.marinho'. (18456)")
2025-05-14 16:58:18,070 - ERROR - Falha ao conectar com o banco de dados: ('28000', "[28000] [Microsoft][ODBC SQL Server Driver][SQL Server]Login failed for user 'marcos.marinho'. (18456) (SQLDriverConnect); [28000] [Microsoft][ODBC SQL Server Driver][SQL Server]Login failed for user 'marcos.marinho'. (18456)")
2025-05-14 17:00:29,620 - ERROR - Falha ao conectar com o banco de dados: ('28000', "[28000] [Microsoft][ODBC SQL Server Driver][SQL Server]Login failed for user 'marcos.marinho'. (18456) (SQLDriverConnect); [28000] [Microsoft][ODBC SQL Server Driver][SQL Server]Login failed for user 'marcos.marinho'. (18456)")
2025-05-14 17:01:10,929 - INFO - Conexão com o banco de dados bem-sucedida.
2025-05-14 17:01:10,929 - INFO - ====== WebDriver manager ======
2025-05-14 17:01:12,067 - INFO - Get LATEST chromedriver version for google-chrome
2025-05-14 17:01:12,193 - INFO - Get LATEST chromedriver version for google-chrome
2025-05-14 17:01:12,271 - INFO - Driver [C:\Users\marcos.marinho\.wdm\drivers\chromedriver\win64\136.0.7103.94\chromedriver-win32/chromedriver.exe] found in cache
2025-05-16 14:37:29,196 - INFO - Conexão com o banco de dados bem-sucedida.
2025-05-16 14:37:29,226 - INFO - ====== WebDriver manager ======
2025-05-16 14:37:30,735 - INFO - Get LATEST chromedriver version for google-chrome
2025-05-16 14:37:30,845 - INFO - Get LATEST chromedriver version for google-chrome
2025-05-16 14:37:30,941 - INFO - Driver [C:\Users\marcos.marinho\.wdm\drivers\chromedriver\win64\136.0.7103.94\chromedriver-win32/chromedriver.exe] found in cache
2025-05-16 14:48:22,922 - WARNING - Erro ao inserir linha JUSCIMAR RIBEIRO DA SILVA GUIMARAES: ('42000', '[42000] [Microsoft][ODBC SQL Server Driver][SQL Server]The incoming tabular data stream (TDS) remote procedure call (RPC) protocol stream is incorrect. Parameter 8 (""): The supplied value is not a valid instance of data type float. Check the source data for invalid values. An example of an invalid value is data of numeric type with scale greater than precision. (8023) (SQLExecDirectW)')
2025-05-16 14:48:23,031 - WARNING - Erro ao inserir linha CLAUDIO NONATO DE JESUS: ('42000', '[42000] [Microsoft][ODBC SQL Server Driver][SQL Server]The incoming tabular data stream (TDS) remote procedure call (RPC) protocol stream is incorrect. Parameter 8 (""): The supplied value is not a valid instance of data type float. Check the source data for invalid values. An example of an invalid value is data of numeric type with scale greater than precision. (8023) (SQLExecDirectW)')
2025-05-16 14:48:23,094 - WARNING - Erro ao inserir linha WAYNE LEE GOMES BATISTA: ('42000', '[42000] [Microsoft][ODBC SQL Server Driver][SQL Server]The incoming tabular data stream (TDS) remote procedure call (RPC) protocol stream is incorrect. Parameter 8 (""): The supplied value is not a valid instance of data type float. Check the source data for invalid values. An example of an invalid value is data of numeric type with scale greater than precision. (8023) (SQLExecDirectW)')
2025-05-16 14:48:23,220 - WARNING - Erro ao inserir linha JEZIEL DE LIMA SILVA: ('42000', '[42000] [Microsoft][ODBC SQL Server Driver][SQL Server]The incoming tabular data stream (TDS) remote procedure call (RPC) protocol stream is incorrect. Parameter 8 (""): The supplied value is not a valid instance of data type float. Check the source data for invalid values. An example of an invalid value is data of numeric type with scale greater than precision. (8023) (SQLExecDirectW)')
2025-05-16 14:48:23,299 - WARNING - Erro ao inserir linha UELLITON PEREIRA DA COSTA: ('42000', '[42000] [Microsoft][ODBC SQL Server Driver][SQL Server]The incoming tabular data stream (TDS) remote procedure call (RPC) protocol stream is incorrect. Parameter 8 (""): The supplied value is not a valid instance of data type float. Check the source data for invalid values. An example of an invalid value is data of numeric type with scale greater than precision. (8023) (SQLExecDirectW)')
2025-05-16 14:48:23,314 - WARNING - Erro ao inserir linha KALVIN BRANDON DE OLIVEIRA: ('42000', '[42000] [Microsoft][ODBC SQL Server Driver][SQL Server]The incoming tabular data stream (TDS) remote procedure call (RPC) protocol stream is incorrect. Parameter 8 (""): The supplied value is not a valid instance of data type float. Check the source data for invalid values. An example of an invalid value is data of numeric type with scale greater than precision. (8023) (SQLExecDirectW)')
2025-05-16 14:48:23,409 - WARNING - Erro ao inserir linha GENIVALDA SOUZA DOURADO: ('42000', '[42000] [Microsoft][ODBC SQL Server Driver][SQL Server]The incoming tabular data stream (TDS) remote procedure call (RPC) protocol stream is incorrect. Parameter 8 (""): The supplied value is not a valid instance of data type float. Check the source data for invalid values. An example of an invalid value is data of numeric type with scale greater than precision. (8023) (SQLExecDirectW)')
2025-05-16 14:48:23,505 - WARNING - Erro ao inserir linha LUZIMAR DE SOUSA: ('42000', '[42000] [Microsoft][ODBC SQL Server Driver][SQL Server]The incoming tabular data stream (TDS) remote procedure call (RPC) protocol stream is incorrect. Parameter 8 (""): The supplied value is not a valid instance of data type float. Check the source data for invalid values. An example of an invalid value is data of numeric type with scale greater than precision. (8023) (SQLExecDirectW)')
2025-05-16 14:48:23,592 - WARNING - Erro ao inserir linha LUISA SEVERO MOSCARDINI: ('42000', '[42000] [Microsoft][ODBC SQL Server Driver][SQL Server]The incoming tabular data stream (TDS) remote procedure call (RPC) protocol stream is incorrect. Parameter 8 (""): The supplied value is not a valid instance of data type float. Check the source data for invalid values. An example of an invalid value is data of numeric type with scale greater than precision. (8023) (SQLExecDirectW)')
2025-05-16 14:48:23,592 - WARNING - Erro ao inserir linha IRCIMONY PEREIRA DOS SANTOS: ('42000', '[42000] [Microsoft][ODBC SQL Server Driver][SQL Server]The incoming tabular data stream (TDS) remote procedure call (RPC) protocol stream is incorrect. Parameter 8 (""): The supplied value is not a valid instance of data type float. Check the source data for invalid values. An example of an invalid value is data of numeric type with scale greater than precision. (8023) (SQLExecDirectW)')
2025-05-16 14:48:23,623 - WARNING - Erro ao inserir linha ARTHUR BARREIRO SOARES: ('42000', '[42000] [Microsoft][ODBC SQL Server Driver][SQL Server]The incoming tabular data stream (TDS) remote procedure call (RPC) protocol stream is incorrect. Parameter 8 (""): The supplied value is not a valid instance of data type float. Check the source data for invalid values. An example of an invalid value is data of numeric type with scale greater than precision. (8023) (SQLExecDirectW)')
2025-05-16 14:48:23,623 - WARNING - Erro ao inserir linha RENATO GOMES DA SILVA APOLINARIO: ('42000', '[42000] [Microsoft][ODBC SQL Server Driver][SQL Server]The incoming tabular data stream (TDS) remote procedure call (RPC) protocol stream is incorrect. Parameter 8 (""): The supplied value is not a valid instance of data type float. Check the source data for invalid values. An example of an invalid value is data of numeric type with scale greater than precision. (8023) (SQLExecDirectW)')
2025-05-16 14:48:23,639 - WARNING - Erro ao inserir linha SILVANIA DE SOUZA BRAGA: ('42000', '[42000] [Microsoft][ODBC SQL Server Driver][SQL Server]The incoming tabular data stream (TDS) remote procedure call (RPC) protocol stream is incorrect. Parameter 8 (""): The supplied value is not a valid instance of data type float. Check the source data for invalid values. An example of an invalid value is data of numeric type with scale greater than precision. (8023) (SQLExecDirectW)')
2025-05-16 14:48:23,639 - INFO - Dados inseridos com sucesso na tabela MQD!
2025-05-16 14:57:28,643 - INFO - Conexão com o banco de dados bem-sucedida.
2025-05-16 14:57:28,659 - INFO - Teste de inserção de dados fictícios realizado com sucesso.
2025-05-16 14:57:28,659 - INFO - ====== WebDriver manager ======
2025-05-16 14:57:30,025 - INFO - Get LATEST chromedriver version for google-chrome
2025-05-16 14:57:30,166 - INFO - Get LATEST chromedriver version for google-chrome
2025-05-16 14:57:30,285 - INFO - Driver [C:\Users\marcos.marinho\.wdm\drivers\chromedriver\win64\136.0.7103.94\chromedriver-win32/chromedriver.exe] found in cache
2025-05-16 15:08:56,410 - WARNING - Erro ao inserir linha JUSCIMAR RIBEIRO DA SILVA GUIMARAES: ('42000', '[42000] [Microsoft][ODBC SQL Server Driver][SQL Server]The incoming tabular data stream (TDS) remote procedure call (RPC) protocol stream is incorrect. Parameter 8 (""): The supplied value is not a valid instance of data type float. Check the source data for invalid values. An example of an invalid value is data of numeric type with scale greater than precision. (8023) (SQLExecDirectW)')
2025-05-16 15:08:56,414 - WARNING - Erro ao inserir linha CLAUDIO NONATO DE JESUS: ('42000', '[42000] [Microsoft][ODBC SQL Server Driver][SQL Server]The incoming tabular data stream (TDS) remote procedure call (RPC) protocol stream is incorrect. Parameter 8 (""): The supplied value is not a valid instance of data type float. Check the source data for invalid values. An example of an invalid value is data of numeric type with scale greater than precision. (8023) (SQLExecDirectW)')
2025-05-16 15:08:56,417 - WARNING - Erro ao inserir linha WAYNE LEE GOMES BATISTA: ('42000', '[42000] [Microsoft][ODBC SQL Server Driver][SQL Server]The incoming tabular data stream (TDS) remote procedure call (RPC) protocol stream is incorrect. Parameter 8 (""): The supplied value is not a valid instance of data type float. Check the source data for invalid values. An example of an invalid value is data of numeric type with scale greater than precision. (8023) (SQLExecDirectW)')
2025-05-16 15:08:56,420 - WARNING - Erro ao inserir linha JEZIEL DE LIMA SILVA: ('42000', '[42000] [Microsoft][ODBC SQL Server Driver][SQL Server]The incoming tabular data stream (TDS) remote procedure call (RPC) protocol stream is incorrect. Parameter 8 (""): The supplied value is not a valid instance of data type float. Check the source data for invalid values. An example of an invalid value is data of numeric type with scale greater than precision. (8023) (SQLExecDirectW)')
2025-05-16 15:08:56,423 - WARNING - Erro ao inserir linha UELLITON PEREIRA DA COSTA: ('42000', '[42000] [Microsoft][ODBC SQL Server Driver][SQL Server]The incoming tabular data stream (TDS) remote procedure call (RPC) protocol stream is incorrect. Parameter 8 (""): The supplied value is not a valid instance of data type float. Check the source data for invalid values. An example of an invalid value is data of numeric type with scale greater than precision. (8023) (SQLExecDirectW)')
2025-05-16 15:08:56,426 - WARNING - Erro ao inserir linha KALVIN BRANDON DE OLIVEIRA: ('42000', '[42000] [Microsoft][ODBC SQL Server Driver][SQL Server]The incoming tabular data stream (TDS) remote procedure call (RPC) protocol stream is incorrect. Parameter 8 (""): The supplied value is not a valid instance of data type float. Check the source data for invalid values. An example of an invalid value is data of numeric type with scale greater than precision. (8023) (SQLExecDirectW)')
2025-05-16 15:08:56,427 - WARNING - Erro ao inserir linha GENIVALDA SOUZA DOURADO: ('42000', '[42000] [Microsoft][ODBC SQL Server Driver][SQL Server]The incoming tabular data stream (TDS) remote procedure call (RPC) protocol stream is incorrect. Parameter 8 (""): The supplied value is not a valid instance of data type float. Check the source data for invalid values. An example of an invalid value is data of numeric type with scale greater than precision. (8023) (SQLExecDirectW)')
2025-05-16 15:08:56,431 - WARNING - Erro ao inserir linha LUZIMAR DE SOUSA: ('42000', '[42000] [Microsoft][ODBC SQL Server Driver][SQL Server]The incoming tabular data stream (TDS) remote procedure call (RPC) protocol stream is incorrect. Parameter 8 (""): The supplied value is not a valid instance of data type float. Check the source data for invalid values. An example of an invalid value is data of numeric type with scale greater than precision. (8023) (SQLExecDirectW)')
2025-05-16 15:08:56,434 - WARNING - Erro ao inserir linha LUISA SEVERO MOSCARDINI: ('42000', '[42000] [Microsoft][ODBC SQL Server Driver][SQL Server]The incoming tabular data stream (TDS) remote procedure call (RPC) protocol stream is incorrect. Parameter 8 (""): The supplied value is not a valid instance of data type float. Check the source data for invalid values. An example of an invalid value is data of numeric type with scale greater than precision. (8023) (SQLExecDirectW)')
2025-05-16 15:08:56,437 - WARNING - Erro ao inserir linha IRCIMONY PEREIRA DOS SANTOS: ('42000', '[42000] [Microsoft][ODBC SQL Server Driver][SQL Server]The incoming tabular data stream (TDS) remote procedure call (RPC) protocol stream is incorrect. Parameter 8 (""): The supplied value is not a valid instance of data type float. Check the source data for invalid values. An example of an invalid value is data of numeric type with scale greater than precision. (8023) (SQLExecDirectW)')
2025-05-16 15:08:56,440 - WARNING - Erro ao inserir linha ARTHUR BARREIRO SOARES: ('42000', '[42000] [Microsoft][ODBC SQL Server Driver][SQL Server]The incoming tabular data stream (TDS) remote procedure call (RPC) protocol stream is incorrect. Parameter 8 (""): The supplied value is not a valid instance of data type float. Check the source data for invalid values. An example of an invalid value is data of numeric type with scale greater than precision. (8023) (SQLExecDirectW)')
2025-05-16 15:08:56,442 - WARNING - Erro ao inserir linha RENATO GOMES DA SILVA APOLINARIO: ('42000', '[42000] [Microsoft][ODBC SQL Server Driver][SQL Server]The incoming tabular data stream (TDS) remote procedure call (RPC) protocol stream is incorrect. Parameter 8 (""): The supplied value is not a valid instance of data type float. Check the source data for invalid values. An example of an invalid value is data of numeric type with scale greater than precision. (8023) (SQLExecDirectW)')
2025-05-16 15:08:56,445 - WARNING - Erro ao inserir linha SILVANIA DE SOUZA BRAGA: ('42000', '[42000] [Microsoft][ODBC SQL Server Driver][SQL Server]The incoming tabular data stream (TDS) remote procedure call (RPC) protocol stream is incorrect. Parameter 8 (""): The supplied value is not a valid instance of data type float. Check the source data for invalid values. An example of an invalid value is data of numeric type with scale greater than precision. (8023) (SQLExecDirectW)')
2025-05-16 15:08:56,457 - INFO - Dados inseridos com sucesso na tabela MQD!
2025-05-16 16:07:06,309 - INFO - Conexão com o banco de dados bem-sucedida.
2025-05-16 16:07:06,309 - INFO - ====== WebDriver manager ======
2025-05-16 16:07:07,956 - INFO - Get LATEST chromedriver version for google-chrome
2025-05-16 16:07:08,096 - INFO - Get LATEST chromedriver version for google-chrome
2025-05-16 16:07:08,206 - INFO - Driver [C:\Users\marcos.marinho\.wdm\drivers\chromedriver\win64\136.0.7103.94\chromedriver-win32/chromedriver.exe] found in cache
2025-05-16 16:18:17,764 - WARNING - Erro ao inserir linha índice 150 nome 'JUSCIMAR RIBEIRO DA SILVA GUIMARAES': ('42000', '[42000] [Microsoft][ODBC SQL Server Driver][SQL Server]The incoming tabular data stream (TDS) remote procedure call (RPC) protocol stream is incorrect. Parameter 8 (""): The supplied value is not a valid instance of data type float. Check the source data for invalid values. An example of an invalid value is data of numeric type with scale greater than precision. (8023) (SQLExecDirectW)')
2025-05-16 16:18:17,767 - WARNING - Erro ao inserir linha índice 151 nome 'CLAUDIO NONATO DE JESUS': ('42000', '[42000] [Microsoft][ODBC SQL Server Driver][SQL Server]The incoming tabular data stream (TDS) remote procedure call (RPC) protocol stream is incorrect. Parameter 8 (""): The supplied value is not a valid instance of data type float. Check the source data for invalid values. An example of an invalid value is data of numeric type with scale greater than precision. (8023) (SQLExecDirectW)')
2025-05-16 16:18:17,769 - WARNING - Erro ao inserir linha índice 152 nome 'WAYNE LEE GOMES BATISTA': ('42000', '[42000] [Microsoft][ODBC SQL Server Driver][SQL Server]The incoming tabular data stream (TDS) remote procedure call (RPC) protocol stream is incorrect. Parameter 8 (""): The supplied value is not a valid instance of data type float. Check the source data for invalid values. An example of an invalid value is data of numeric type with scale greater than precision. (8023) (SQLExecDirectW)')
2025-05-16 16:18:17,772 - WARNING - Erro ao inserir linha índice 153 nome 'JEZIEL DE LIMA SILVA': ('42000', '[42000] [Microsoft][ODBC SQL Server Driver][SQL Server]The incoming tabular data stream (TDS) remote procedure call (RPC) protocol stream is incorrect. Parameter 8 (""): The supplied value is not a valid instance of data type float. Check the source data for invalid values. An example of an invalid value is data of numeric type with scale greater than precision. (8023) (SQLExecDirectW)')
2025-05-16 16:18:17,776 - WARNING - Erro ao inserir linha índice 154 nome 'UELLITON PEREIRA DA COSTA': ('42000', '[42000] [Microsoft][ODBC SQL Server Driver][SQL Server]The incoming tabular data stream (TDS) remote procedure call (RPC) protocol stream is incorrect. Parameter 8 (""): The supplied value is not a valid instance of data type float. Check the source data for invalid values. An example of an invalid value is data of numeric type with scale greater than precision. (8023) (SQLExecDirectW)')
2025-05-16 16:18:17,782 - WARNING - Erro ao inserir linha índice 155 nome 'KALVIN BRANDON DE OLIVEIRA': ('42000', '[42000] [Microsoft][ODBC SQL Server Driver][SQL Server]The incoming tabular data stream (TDS) remote procedure call (RPC) protocol stream is incorrect. Parameter 8 (""): The supplied value is not a valid instance of data type float. Check the source data for invalid values. An example of an invalid value is data of numeric type with scale greater than precision. (8023) (SQLExecDirectW)')
2025-05-16 16:18:17,787 - WARNING - Erro ao inserir linha índice 156 nome 'GENIVALDA SOUZA DOURADO': ('42000', '[42000] [Microsoft][ODBC SQL Server Driver][SQL Server]The incoming tabular data stream (TDS) remote procedure call (RPC) protocol stream is incorrect. Parameter 8 (""): The supplied value is not a valid instance of data type float. Check the source data for invalid values. An example of an invalid value is data of numeric type with scale greater than precision. (8023) (SQLExecDirectW)')
2025-05-16 16:18:17,790 - WARNING - Erro ao inserir linha índice 157 nome 'LUZIMAR DE SOUSA': ('42000', '[42000] [Microsoft][ODBC SQL Server Driver][SQL Server]The incoming tabular data stream (TDS) remote procedure call (RPC) protocol stream is incorrect. Parameter 8 (""): The supplied value is not a valid instance of data type float. Check the source data for invalid values. An example of an invalid value is data of numeric type with scale greater than precision. (8023) (SQLExecDirectW)')
2025-05-16 16:18:17,792 - WARNING - Erro ao inserir linha índice 158 nome 'LUISA SEVERO MOSCARDINI': ('42000', '[42000] [Microsoft][ODBC SQL Server Driver][SQL Server]The incoming tabular data stream (TDS) remote procedure call (RPC) protocol stream is incorrect. Parameter 8 (""): The supplied value is not a valid instance of data type float. Check the source data for invalid values. An example of an invalid value is data of numeric type with scale greater than precision. (8023) (SQLExecDirectW)')
2025-05-16 16:18:17,794 - WARNING - Erro ao inserir linha índice 159 nome 'IRCIMONY PEREIRA DOS SANTOS': ('42000', '[42000] [Microsoft][ODBC SQL Server Driver][SQL Server]The incoming tabular data stream (TDS) remote procedure call (RPC) protocol stream is incorrect. Parameter 8 (""): The supplied value is not a valid instance of data type float. Check the source data for invalid values. An example of an invalid value is data of numeric type with scale greater than precision. (8023) (SQLExecDirectW)')
2025-05-16 16:18:17,797 - WARNING - Erro ao inserir linha índice 160 nome 'ARTHUR BARREIRO SOARES': ('42000', '[42000] [Microsoft][ODBC SQL Server Driver][SQL Server]The incoming tabular data stream (TDS) remote procedure call (RPC) protocol stream is incorrect. Parameter 8 (""): The supplied value is not a valid instance of data type float. Check the source data for invalid values. An example of an invalid value is data of numeric type with scale greater than precision. (8023) (SQLExecDirectW)')
2025-05-16 16:18:17,800 - WARNING - Erro ao inserir linha índice 161 nome 'RENATO GOMES DA SILVA APOLINARIO': ('42000', '[42000] [Microsoft][ODBC SQL Server Driver][SQL Server]The incoming tabular data stream (TDS) remote procedure call (RPC) protocol stream is incorrect. Parameter 8 (""): The supplied value is not a valid instance of data type float. Check the source data for invalid values. An example of an invalid value is data of numeric type with scale greater than precision. (8023) (SQLExecDirectW)')
2025-05-16 16:18:17,805 - WARNING - Erro ao inserir linha índice 162 nome 'SILVANIA DE SOUZA BRAGA': ('42000', '[42000] [Microsoft][ODBC SQL Server Driver][SQL Server]The incoming tabular data stream (TDS) remote procedure call (RPC) protocol stream is incorrect. Parameter 8 (""): The supplied value is not a valid instance of data type float. Check the source data for invalid values. An example of an invalid value is data of numeric type with scale greater than precision. (8023) (SQLExecDirectW)')
2025-05-16 16:18:17,826 - INFO - Dados inseridos com sucesso na tabela MQD!
2025-05-16 16:25:58,345 - INFO - Conexão com o banco de dados bem-sucedida.
2025-05-16 16:25:58,351 - INFO - ====== WebDriver manager ======
2025-05-16 16:25:59,831 - INFO - Get LATEST chromedriver version for google-chrome
2025-05-16 16:25:59,952 - INFO - Get LATEST chromedriver version for google-chrome
2025-05-16 16:26:00,056 - INFO - Driver [C:\Users\marcos.marinho\.wdm\drivers\chromedriver\win64\136.0.7103.94\chromedriver-win32/chromedriver.exe] found in cache
2025-05-16 16:36:07,847 - INFO - Dados inseridos com sucesso na tabela MQD!
